<?xml version="1.0" encoding="UTF-8"?>
<testng-results ignored="0" total="1" passed="1" failed="0" skipped="0">
  <reporter-output>
  </reporter-output>
  <suite started-at="2020-12-09T02:58:12Z" name="Surefire suite" finished-at="2020-12-09T02:58:12Z" duration-ms="9">
    <groups>
    </groups>
    <test started-at="2020-12-09T02:58:12Z" name="Surefire test" finished-at="2020-12-09T02:58:12Z" duration-ms="9">
      <class name="ServiceNow.ExternalCert.AppTest">
        <test-method signature="testApp()[pri:0, instance:testApp(ServiceNow.ExternalCert.AppTest)]" started-at="2020-12-09T02:58:12Z" name="testApp" finished-at="2020-12-09T02:58:12Z" duration-ms="1" status="PASS">
          <reporter-output>
          </reporter-output>
        </test-method> <!-- testApp -->
      </class> <!-- ServiceNow.ExternalCert.AppTest -->
    </test> <!-- Surefire test -->
  </suite> <!-- Surefire suite -->
</testng-results>
