<?xml version="1.0" encoding="UTF-8"?>
<!-- Generated by org.testng.reporters.JUnitXMLReporter -->
<testsuite ignored="0" hostname="MacBook-Pro.local" failures="1" tests="2" name="Test" time="18.265" errors="0" timestamp="14 Dec 2020 06:29:13 GMT">
  <testcase classname="ServiceNow.ExternalCert.CertTypeTest" name="ServiceNow" time="18.154">
    <failure type="java.lang.AssertionError" message="expected [true] but found [false]">
      <![CDATA[java.lang.AssertionError: expected [true] but found [false]
at ServiceNow.ExternalCert.CertTypeTest.ServiceNow(CertTypeTest.java:86)
... Removed 29 stack frames]]>
    </failure>
  </testcase> <!-- ServiceNow -->
  <testcase classname="ServiceNow.ExternalCert.AppTest" name="testApp" time="0.004"/>
</testsuite> <!-- Test -->
