<?xml version="1.0" encoding="UTF-8"?>
<testng-results ignored="0" total="1" passed="1" failed="0" skipped="0">
  <reporter-output>
  </reporter-output>
  <suite started-at="2020-12-09T02:57:52Z" name="Surefire suite" finished-at="2020-12-09T02:58:12Z" duration-ms="20218">
    <groups>
    </groups>
    <test started-at="2020-12-09T02:57:52Z" name="Surefire test" finished-at="2020-12-09T02:58:12Z" duration-ms="20218">
      <class name="ServiceNow.ExternalCert.CertTypeTest">
        <test-method is-config="true" signature="extentReporting()[pri:0, instance:ServiceNow.ExternalCert.CertTypeTest@10e31a9a]" started-at="2020-12-09T02:57:52Z" name="extentReporting" finished-at="2020-12-09T02:57:52Z" duration-ms="189" status="PASS">
          <reporter-output>
          </reporter-output>
        </test-method> <!-- extentReporting -->
        <test-method signature="ServiceNow()[pri:0, instance:ServiceNow.ExternalCert.CertTypeTest@10e31a9a]" started-at="2020-12-09T02:57:52Z" name="ServiceNow" finished-at="2020-12-09T02:58:12Z" duration-ms="20016" status="PASS">
          <reporter-output>
          </reporter-output>
        </test-method> <!-- ServiceNow -->
      </class> <!-- ServiceNow.ExternalCert.CertTypeTest -->
    </test> <!-- Surefire test -->
  </suite> <!-- Surefire suite -->
</testng-results>
